test messgae
2024-02-16T21:16:38,711 INFO  [log4jdemo] - main - 9 - log4jdemo.java - main - test messgae 
2024-02-16T21:23:55,681 INFO  [log4jdemo] - main - 32 - log4jdemo.java - main - started the driver : 2024-02-16T21:23:57+03:00 
2024-02-16T21:27:02,146 INFO  [log4jdemo] - main - 32 - log4jdemo.java - main - started the driver : 2024-02-16T21:27:04+03:00 
2024-02-16T21:27:03,977 INFO  [log4jdemo] - main - 34 - log4jdemo.java - main - Check the value of content-desc :Views 
2024-02-16T21:27:04,252 INFO  [log4jdemo] - main - 36 - log4jdemo.java - main - check the page source : <?xml version='1.0' encoding='UTF-8' standalone='yes' ?>
<hierarchy index="0" class="hierarchy" rotation="0" width="1080" height="2205">
  <android.widget.FrameLayout index="0" package="io.appium.android.apis" class="android.widget.FrameLayout" text="" checkable="false" checked="false" clickable="false" enabled="true" focusable="false" focused="false" long-clickable="false" password="false" scrollable="false" selected="false" bounds="[0,0][1080,2205]" displayed="true">
    <android.view.ViewGroup index="0" package="io.appium.android.apis" class="android.view.ViewGroup" text="" resource-id="android:id/decor_content_parent" checkable="false" checked="false" clickable="false" enabled="true" focusable="false" focused="false" long-clickable="false" password="false" scrollable="false" selected="false" bounds="[0,0][1080,2205]" displayed="true">
      <android.widget.FrameLayout index="0" package="io.appium.android.apis" class="android.widget.FrameLayout" text="" resource-id="android:id/action_bar_container" checkable="false" checked="false" clickable="false" enabled="true" focusable="false" focused="false" long-clickable="false" password="false" scrollable="false" selected="false" bounds="[0,132][1080,279]" displayed="true">
        <android.view.ViewGroup index="0" package="io.appium.android.apis" class="android.view.ViewGroup" text="" resource-id="android:id/action_bar" checkable="false" checked="false" clickable="false" enabled="true" focusable="false" focused="false" long-clickable="false" password="false" scrollable="false" selected="false" bounds="[0,132][1080,279]" displayed="true">
          <android.widget.TextView index="0" package="io.appium.android.apis" class="android.widget.TextView" text="API Demos" checkable="false" checked="false" clickable="false" enabled="true" focusable="false" focused="false" long-clickable="false" password="false" scrollable="false" selected="false" bounds="[42,170][305,241]" displayed="true" />
        </android.view.ViewGroup>
      </android.widget.FrameLayout>
      <android.widget.FrameLayout index="1" package="io.appium.android.apis" class="android.widget.FrameLayout" text="" resource-id="android:id/content" checkable="false" checked="false" clickable="false" enabled="true" focusable="false" focused="false" long-clickable="false" password="false" scrollable="false" selected="false" bounds="[0,279][1080,2205]" displayed="true">
        <android.widget.ListView index="0" package="io.appium.android.apis" class="android.widget.ListView" text="" resource-id="android:id/list" checkable="false" checked="false" clickable="false" enabled="true" focusable="true" focused="true" long-clickable="false" password="false" scrollable="false" selected="false" bounds="[0,279][1080,2205]" displayed="true">
          <android.widget.TextView index="0" package="io.appium.android.apis" class="android.widget.TextView" text="Access'ibility" content-desc="Access'ibility" resource-id="android:id/text1" checkable="false" checked="false" clickable="true" enabled="true" focusable="false" focused="false" long-clickable="false" password="false" scrollable="false" selected="false" bounds="[0,279][1080,405]" displayed="true" />
          <android.widget.TextView index="1" package="io.appium.android.apis" class="android.widget.TextView" text="Accessibility" content-desc="Accessibility" resource-id="android:id/text1" checkable="false" checked="false" clickable="true" enabled="true" focusable="false" focused="false" long-clickable="false" password="false" scrollable="false" selected="false" bounds="[0,408][1080,534]" displayed="true" />
          <android.widget.TextView index="2" package="io.appium.android.apis" class="android.widget.TextView" text="Animation" content-desc="Animation" resource-id="android:id/text1" checkable="false" checked="false" clickable="true" enabled="true" focusable="false" focused="false" long-clickable="false" password="false" scrollable="false" selected="false" bounds="[0,537][1080,663]" displayed="true" />
          <android.widget.TextView index="3" package="io.appium.android.apis" class="android.widget.TextView" text="App" content-desc="App" resource-id="android:id/text1" checkable="false" checked="false" clickable="true" enabled="true" focusable="false" focused="false" long-clickable="false" password="false" scrollable="false" selected="false" bounds="[0,666][1080,792]" displayed="true" />
          <android.widget.TextView index="4" package="io.appium.android.apis" class="android.widget.TextView" text="Content" content-desc="Content" resource-id="android:id/text1" checkable="false" checked="false" clickable="true" enabled="true" focusable="false" focused="false" long-clickable="false" password="false" scrollable="false" selected="false" bounds="[0,795][1080,921]" displayed="true" />
          <android.widget.TextView index="5" package="io.appium.android.apis" class="android.widget.TextView" text="Graphics" content-desc="Graphics" resource-id="android:id/text1" checkable="false" checked="false" clickable="true" enabled="true" focusable="false" focused="false" long-clickable="false" password="false" scrollable="false" selected="false" bounds="[0,924][1080,1050]" displayed="true" />
          <android.widget.TextView index="6" package="io.appium.android.apis" class="android.widget.TextView" text="Media" content-desc="Media" resource-id="android:id/text1" checkable="false" checked="false" clickable="true" enabled="true" focusable="false" focused="false" long-clickable="false" password="false" scrollable="false" selected="false" bounds="[0,1053][1080,1179]" displayed="true" />
          <android.widget.TextView index="7" package="io.appium.android.apis" class="android.widget.TextView" text="NFC" content-desc="NFC" resource-id="android:id/text1" checkable="false" checked="false" clickable="true" enabled="true" focusable="false" focused="false" long-clickable="false" password="false" scrollable="false" selected="false" bounds="[0,1182][1080,1308]" displayed="true" />
          <android.widget.TextView index="8" package="io.appium.android.apis" class="android.widget.TextView" text="OS" content-desc="OS" resource-id="android:id/text1" checkable="false" checked="false" clickable="true" enabled="true" focusable="false" focused="false" long-clickable="false" password="false" scrollable="false" selected="false" bounds="[0,1311][1080,1437]" displayed="true" />
          <android.widget.TextView index="9" package="io.appium.android.apis" class="android.widget.TextView" text="Preference" content-desc="Preference" resource-id="android:id/text1" checkable="false" checked="false" clickable="true" enabled="true" focusable="false" focused="false" long-clickable="false" password="false" scrollable="false" selected="false" bounds="[0,1440][1080,1566]" displayed="true" />
          <android.widget.TextView index="10" package="io.appium.android.apis" class="android.widget.TextView" text="Text" content-desc="Text" resource-id="android:id/text1" checkable="false" checked="false" clickable="true" enabled="true" focusable="false" focused="false" long-clickable="false" password="false" scrollable="false" selected="false" bounds="[0,1569][1080,1695]" displayed="true" />
          <android.widget.TextView index="11" package="io.appium.android.apis" class="android.widget.TextView" text="Views" content-desc="Views" resource-id="android:id/text1" checkable="false" checked="false" clickable="true" enabled="true" focusable="false" focused="false" long-clickable="false" password="false" scrollable="false" selected="false" bounds="[0,1698][1080,1824]" displayed="true" />
        </android.widget.ListView>
      </android.widget.FrameLayout>
    </android.view.ViewGroup>
    <android.view.View index="2" package="io.appium.android.apis" class="android.view.View" text="" resource-id="android:id/navigationBarBackground" checkable="false" checked="false" clickable="false" enabled="true" focusable="false" focused="false" long-clickable="false" password="false" scrollable="false" selected="false" bounds="[0,2337][1080,2400]" displayed="true" />
  </android.widget.FrameLayout>
</hierarchy> 
